<?xml version="1.0" encoding="UTF-8"?>
<!-- Generated by org.testng.reporters.JUnitReportReporter -->
<testsuite name="Demo.Demog" tests="1" time="7.961" ignored="0" failures="0" timestamp="05 Aug 2021 10:02:55 GMT" skipped="0" hostname="LAPTOP-9OT0DJ0O" errors="0">
  <testcase name="m1" time="7.961" classname="Demo.Demog"/>
</testsuite> <!-- Demo.Demog -->
